 
 1          OPTIONS NONOTES NOSTIMER NOSOURCE NOSYNTAXCHECK;
 68         
 69         proc sql ;
 70             select Name1 into :names separated by ' ' from selectedvars ;
 71         quit;
 NOTE: PROCEDURE SQL used (Total process time):
       real time           0.06 seconds
       user cpu time       0.06 seconds
       system cpu time     0.00 seconds
       memory              5592.93k
       OS Memory           31404.00k
       Timestamp           15/12/2024 07:28:53 PM
       Step Count                        133  Switch Count  0
       Page Faults                       0
       Page Reclaims                     100
       Page Swaps                        0
       Voluntary Context Switches        3
       Involuntary Context Switches      2
       Block Input Operations            0
       Block Output Operations           24
       
 
 72         
 73         proc corr data = observed outplc = polychor polychoric noprint;
 74         var &names ;
 75         run;
 
 WARNING: The algorithm for polychoric correlation between v000047 and v000018 did not converge.
 WARNING: The algorithm for polychoric correlation between v000534 and v000212 did not converge.
 NOTE: The data set WORK.POLYCHOR has 322 observations and 321 variables.
 NOTE: PROCEDURE CORR used (Total process time):
       real time           22.80 seconds
       user cpu time       22.64 seconds
       system cpu time     0.05 seconds
       memory              71550.62k
       OS Memory           104280.00k
       Timestamp           15/12/2024 07:29:16 PM
       Step Count                        134  Switch Count  7
       Page Faults                       0
       Page Reclaims                     21963
       Page Swaps                        0
       Voluntary Context Switches        32
       Involuntary Context Switches      41
       Block Input Operations            0
       Block Output Operations           1800
       
 
 76         
 77         proc stdize data = polychor out=polychor reponly missing=0; run;
 
 NOTE: No VAR statement is given. All numerical variables not named elsewhere make up the first set of variables.
 NOTE: There were 322 observations read from the data set WORK.POLYCHOR.
 NOTE: The data set WORK.POLYCHOR has 322 observations and 321 variables.
 NOTE: PROCEDURE STDIZE used (Total process time):
       real time           0.00 seconds
       user cpu time       0.01 seconds
       system cpu time     0.00 seconds
       memory              2942.09k
       OS Memory           28204.00k
       Timestamp           15/12/2024 07:29:16 PM
       Step Count                        135  Switch Count  2
       Page Faults                       0
       Page Reclaims                     288
       Page Swaps                        0
       Voluntary Context Switches        13
       Involuntary Context Switches      0
       Block Input Operations            0
       Block Output Operations           1800
       
 
 78         
 79         OPTIONS NONOTES NOSTIMER NOSOURCE NOSYNTAXCHECK;
 89         